<?xml version="1.0" encoding="UTF-8"?>
<testng-results ignored="0" total="11" passed="10" failed="1" skipped="0">
  <reporter-output>
  </reporter-output>
  <suite started-at="2025-01-23T16:30:16 IST" name="All Test Suite" finished-at="2025-01-23T16:31:16 IST" duration-ms="60345">
    <groups>
    </groups>
    <test started-at="2025-01-23T16:30:16 IST" name="myTest" finished-at="2025-01-23T16:31:16 IST" duration-ms="60345">
      <class name="tests.LoginTest">
        <test-method is-config="true" signature="setup()[pri:0, instance:tests.LoginTest@9597028]" started-at="2025-01-23T16:30:31 IST" name="setup" finished-at="2025-01-23T16:30:37 IST" duration-ms="6093" status="PASS">
          <reporter-output>
          </reporter-output>
        </test-method> <!-- setup -->
        <test-method signature="loginwithValidCreds(java.lang.String,java.lang.String)[pri:1, instance:tests.LoginTest@9597028]" started-at="2025-01-23T16:30:37 IST" name="loginwithValidCreds" data-provider="testdataSetup1" finished-at="2025-01-23T16:30:37 IST" duration-ms="745" status="PASS">
          <params>
            <param index="0">
              <value>
                <![CDATA[Admin]]>
              </value>
            </param>
            <param index="1">
              <value>
                <![CDATA[admin123]]>
              </value>
            </param>
          </params>
          <reporter-output>
          </reporter-output>
        </test-method> <!-- loginwithValidCreds -->
        <test-method is-config="true" signature="tearDown()[pri:0, instance:tests.LoginTest@9597028]" started-at="2025-01-23T16:30:37 IST" name="tearDown" finished-at="2025-01-23T16:30:40 IST" duration-ms="2655" status="PASS">
          <reporter-output>
          </reporter-output>
        </test-method> <!-- tearDown -->
        <test-method is-config="true" signature="setup()[pri:0, instance:tests.LoginTest@9597028]" started-at="2025-01-23T16:30:40 IST" name="setup" finished-at="2025-01-23T16:30:46 IST" duration-ms="5759" status="PASS">
          <reporter-output>
          </reporter-output>
        </test-method> <!-- setup -->
        <test-method signature="loginwithValidCreds(java.lang.String,java.lang.String)[pri:1, instance:tests.LoginTest@9597028]" started-at="2025-01-23T16:30:46 IST" name="loginwithValidCreds" data-provider="testdataSetup1" finished-at="2025-01-23T16:30:48 IST" duration-ms="1965" status="PASS">
          <params>
            <param index="0">
              <value>
                <![CDATA[Admin]]>
              </value>
            </param>
            <param index="1">
              <value>
                <![CDATA[admin123]]>
              </value>
            </param>
          </params>
          <reporter-output>
          </reporter-output>
        </test-method> <!-- loginwithValidCreds -->
        <test-method is-config="true" signature="tearDown()[pri:0, instance:tests.LoginTest@9597028]" started-at="2025-01-23T16:30:48 IST" name="tearDown" finished-at="2025-01-23T16:30:49 IST" duration-ms="1198" status="PASS">
          <reporter-output>
          </reporter-output>
        </test-method> <!-- tearDown -->
        <test-method is-config="true" signature="setup()[pri:0, instance:tests.LoginTest@9597028]" started-at="2025-01-23T16:30:49 IST" name="setup" finished-at="2025-01-23T16:30:54 IST" duration-ms="5331" status="PASS">
          <reporter-output>
          </reporter-output>
        </test-method> <!-- setup -->
        <test-method signature="loginwithInvalidCreds(java.lang.String,java.lang.String)[pri:2, instance:tests.LoginTest@9597028]" started-at="2025-01-23T16:30:54 IST" name="loginwithInvalidCreds" data-provider="testdataSetup2" finished-at="2025-01-23T16:30:57 IST" duration-ms="2106" status="PASS">
          <params>
            <param index="0">
              <value>
                <![CDATA[AdminAdmi1]]>
              </value>
            </param>
            <param index="1">
              <value>
                <![CDATA[admirrn123]]>
              </value>
            </param>
          </params>
          <reporter-output>
          </reporter-output>
        </test-method> <!-- loginwithInvalidCreds -->
        <test-method is-config="true" signature="tearDown()[pri:0, instance:tests.LoginTest@9597028]" started-at="2025-01-23T16:30:57 IST" name="tearDown" finished-at="2025-01-23T16:30:58 IST" duration-ms="1217" status="PASS">
          <reporter-output>
          </reporter-output>
        </test-method> <!-- tearDown -->
        <test-method is-config="true" signature="setup()[pri:0, instance:tests.LoginTest@9597028]" started-at="2025-01-23T16:30:58 IST" name="setup" finished-at="2025-01-23T16:31:10 IST" duration-ms="12186" status="PASS">
          <reporter-output>
          </reporter-output>
        </test-method> <!-- setup -->
        <test-method signature="loginwithInvalidCreds(java.lang.String,java.lang.String)[pri:2, instance:tests.LoginTest@9597028]" started-at="2025-01-23T16:31:10 IST" name="loginwithInvalidCreds" data-provider="testdataSetup2" finished-at="2025-01-23T16:31:14 IST" duration-ms="3602" status="PASS">
          <params>
            <param index="0">
              <value>
                <![CDATA[AdminAdmi2]]>
              </value>
            </param>
            <param index="1">
              <value>
                <![CDATA[admirrn123]]>
              </value>
            </param>
          </params>
          <reporter-output>
          </reporter-output>
        </test-method> <!-- loginwithInvalidCreds -->
        <test-method is-config="true" signature="tearDown()[pri:0, instance:tests.LoginTest@9597028]" started-at="2025-01-23T16:31:14 IST" name="tearDown" finished-at="2025-01-23T16:31:15 IST" duration-ms="1340" status="PASS">
          <reporter-output>
          </reporter-output>
        </test-method> <!-- tearDown -->
      </class> <!-- tests.LoginTest -->
      <class name="tests.DashboardTest">
        <test-method is-config="true" signature="setup()[pri:0, instance:tests.DashboardTest@c8c12ac]" started-at="2025-01-23T16:30:16 IST" name="setup" finished-at="2025-01-23T16:30:29 IST" duration-ms="13464" status="PASS">
          <reporter-output>
          </reporter-output>
        </test-method> <!-- setup -->
        <test-method signature="verifyDashboardHeader()[pri:1, instance:tests.DashboardTest@c8c12ac]" started-at="2025-01-23T16:30:30 IST" name="verifyDashboardHeader" finished-at="2025-01-23T16:30:30 IST" duration-ms="442" status="PASS">
          <reporter-output>
          </reporter-output>
        </test-method> <!-- verifyDashboardHeader -->
        <test-method signature="clickProfileDropDownMethod()[pri:2, instance:tests.DashboardTest@c8c12ac]" started-at="2025-01-23T16:30:30 IST" name="clickProfileDropDownMethod" finished-at="2025-01-23T16:30:32 IST" duration-ms="2224" status="PASS">
          <reporter-output>
          </reporter-output>
        </test-method> <!-- clickProfileDropDownMethod -->
        <test-method signature="verifyDropdownItem1()[pri:3, instance:tests.DashboardTest@c8c12ac]" started-at="2025-01-23T16:30:32 IST" name="verifyDropdownItem1" finished-at="2025-01-23T16:30:32 IST" depends-on-methods="tests.DashboardTest.clickProfileDropDownMethod" duration-ms="42" status="PASS">
          <reporter-output>
          </reporter-output>
        </test-method> <!-- verifyDropdownItem1 -->
        <test-method signature="verifyDropdownItem2()[pri:4, instance:tests.DashboardTest@c8c12ac]" started-at="2025-01-23T16:30:32 IST" name="verifyDropdownItem2" finished-at="2025-01-23T16:30:32 IST" depends-on-methods="tests.DashboardTest.clickProfileDropDownMethod" duration-ms="40" status="PASS">
          <reporter-output>
          </reporter-output>
        </test-method> <!-- verifyDropdownItem2 -->
        <test-method signature="verifyDropdownItem3()[pri:5, instance:tests.DashboardTest@c8c12ac]" started-at="2025-01-23T16:30:32 IST" name="verifyDropdownItem3" finished-at="2025-01-23T16:30:32 IST" depends-on-methods="tests.DashboardTest.clickProfileDropDownMethod" duration-ms="166" status="PASS">
          <reporter-output>
          </reporter-output>
        </test-method> <!-- verifyDropdownItem3 -->
        <test-method signature="verifyDropdownItem4()[pri:6, instance:tests.DashboardTest@c8c12ac]" started-at="2025-01-23T16:30:32 IST" name="verifyDropdownItem4" finished-at="2025-01-23T16:30:33 IST" depends-on-methods="tests.DashboardTest.clickProfileDropDownMethod" duration-ms="145" status="PASS">
          <reporter-output>
          </reporter-output>
        </test-method> <!-- verifyDropdownItem4 -->
        <test-method signature="verifyDropdownItem4Er()[pri:7, instance:tests.DashboardTest@c8c12ac]" started-at="2025-01-23T16:30:33 IST" name="verifyDropdownItem4Er" finished-at="2025-01-23T16:30:33 IST" depends-on-methods="tests.DashboardTest.clickProfileDropDownMethod" duration-ms="178" status="FAIL">
          <exception class="java.lang.AssertionError">
            <message>
              <![CDATA[Item4 mismatch expected [Logoutss] but found [Logout]]]>
            </message>
            <full-stacktrace>
              <![CDATA[java.lang.AssertionError: Item4 mismatch expected [Logoutss] but found [Logout]
at org.testng.Assert.fail(Assert.java:111)
at org.testng.Assert.failNotEquals(Assert.java:1578)
at org.testng.Assert.assertEqualsImpl(Assert.java:150)
at org.testng.Assert.assertEquals(Assert.java:132)
at org.testng.Assert.assertEquals(Assert.java:656)
at tests.DashboardTest.verifyDropdownItem4Er(DashboardTest.java:71)
at java.base/jdk.internal.reflect.DirectMethodHandleAccessor.invoke(DirectMethodHandleAccessor.java:103)
at java.base/java.lang.reflect.Method.invoke(Method.java:580)
at org.testng.internal.invokers.MethodInvocationHelper.invokeMethod(MethodInvocationHelper.java:141)
at org.testng.internal.invokers.TestInvoker.invokeMethod(TestInvoker.java:686)
at org.testng.internal.invokers.TestInvoker.invokeTestMethod(TestInvoker.java:230)
at org.testng.internal.invokers.MethodRunner.runInSequence(MethodRunner.java:63)
at org.testng.internal.invokers.TestInvoker$MethodInvocationAgent.invoke(TestInvoker.java:992)
at org.testng.internal.invokers.TestInvoker.invokeTestMethods(TestInvoker.java:203)
at org.testng.internal.invokers.TestMethodWorker.invokeTestMethods(TestMethodWorker.java:154)
at org.testng.internal.invokers.TestMethodWorker.run(TestMethodWorker.java:134)
at java.base/java.util.concurrent.Executors$RunnableAdapter.call(Executors.java:572)
at java.base/java.util.concurrent.FutureTask.run(FutureTask.java:317)
at org.testng.internal.thread.graph.TestNGFutureTask.run(TestNGFutureTask.java:22)
at java.base/java.util.concurrent.ThreadPoolExecutor.runWorker(ThreadPoolExecutor.java:1144)
at java.base/java.util.concurrent.ThreadPoolExecutor$Worker.run(ThreadPoolExecutor.java:642)
at java.base/java.lang.Thread.run(Thread.java:1583)
]]>
            </full-stacktrace>
          </exception> <!-- java.lang.AssertionError -->
          <reporter-output>
          </reporter-output>
        </test-method> <!-- verifyDropdownItem4Er -->
        <test-method is-config="true" signature="tearDown()[pri:0, instance:tests.DashboardTest@c8c12ac]" started-at="2025-01-23T16:31:15 IST" name="tearDown" finished-at="2025-01-23T16:31:16 IST" duration-ms="1322" status="PASS">
          <reporter-output>
          </reporter-output>
        </test-method> <!-- tearDown -->
      </class> <!-- tests.DashboardTest -->
    </test> <!-- myTest -->
  </suite> <!-- All Test Suite -->
</testng-results>
